TN:
SF:src/@shared/domain/adapter/validator/validator.ts
FN:16,Validation
FN:18,execute
FN:24,resultInValidator
FNF:3
FNH:3
FNDA:2,Validation
FNDA:2,execute
FNDA:2,resultInValidator
DA:1,1
DA:2,1
DA:3,1
DA:4,1
DA:5,1
DA:6,1
DA:7,1
DA:8,1
DA:9,1
DA:10,1
DA:11,1
DA:12,1
DA:13,1
DA:14,1
DA:15,1
DA:16,1
DA:17,1
DA:18,1
DA:19,2
DA:20,2
DA:21,1
DA:22,1
DA:23,1
DA:24,1
DA:25,2
DA:26,2
DA:27,1
LF:27
LH:27
BRDA:16,0,0,2
BRDA:18,1,0,2
BRDA:24,2,0,2
BRF:3
BRH:3
end_of_record
TN:
SF:src/domain/entity/user.entity.ts
FN:7,UserEntity
FN:9,get username
FN:13,get password
FN:17,toRaw
FNF:4
FNH:4
FNDA:2,UserEntity
FNDA:2,get username
FNDA:2,get password
FNDA:2,toRaw
DA:1,1
DA:2,1
DA:3,1
DA:4,1
DA:5,1
DA:6,1
DA:7,1
DA:8,1
DA:9,1
DA:10,2
DA:11,2
DA:12,1
DA:13,1
DA:14,2
DA:15,2
DA:16,1
DA:17,1
DA:18,2
DA:19,2
DA:20,2
DA:21,2
DA:22,2
DA:23,1
LF:23
LH:23
BRDA:7,0,0,2
BRDA:9,1,0,2
BRDA:13,2,0,2
BRDA:17,3,0,2
BRF:4
BRH:4
end_of_record
TN:
SF:src/domain/validation/user.validation.ts
FN:5,UserValidation
FN:9,configureValidation
FN:15,configureUsernameVaidation
FN:25,configurePasswordVaidation
FN:36,create
FNF:5
FNH:5
FNDA:2,UserValidation
FNDA:2,configureValidation
FNDA:2,configureUsernameVaidation
FNDA:2,configurePasswordVaidation
FNDA:2,create
DA:1,1
DA:2,1
DA:3,1
DA:4,1
DA:5,1
DA:6,2
DA:7,2
DA:8,1
DA:9,1
DA:10,2
DA:11,2
DA:12,2
DA:13,2
DA:14,1
DA:15,1
DA:16,2
DA:17,2
DA:18,2
DA:19,2
DA:20,2
DA:21,2
DA:22,2
DA:23,2
DA:24,1
DA:25,1
DA:26,2
DA:27,2
DA:28,2
DA:29,2
DA:30,2
DA:31,2
DA:32,2
DA:33,1
DA:34,1
DA:35,1
DA:36,1
DA:37,2
DA:38,2
DA:39,1
LF:39
LH:39
BRDA:5,0,0,2
BRDA:9,1,0,2
BRDA:15,2,0,2
BRDA:25,3,0,2
BRDA:36,4,0,2
BRF:5
BRH:5
end_of_record
TN:
SF:src/infrastructure/adapter/validator/joi.validator.ts
FN:4,JoiValidator
FN:7,minLength
FN:14,maxLength
FN:21,validate
FNF:4
FNH:4
FNDA:2,JoiValidator
FNDA:4,minLength
FNDA:2,maxLength
FNDA:2,validate
DA:1,1
DA:2,1
DA:3,1
DA:4,2
DA:5,2
DA:6,2
DA:7,2
DA:8,4
DA:9,4
DA:10,4
DA:11,4
DA:12,4
DA:13,2
DA:14,2
DA:15,2
DA:16,2
DA:17,2
DA:18,2
DA:19,2
DA:20,2
DA:21,2
DA:22,2
DA:23,2
DA:24,2
DA:25,2
DA:26,2
LF:26
LH:26
BRDA:4,0,0,2
BRDA:7,1,0,4
BRDA:14,2,0,2
BRDA:21,3,0,2
BRDA:23,4,0,1
BRDA:23,5,0,1
BRDA:23,6,0,1
BRDA:23,7,0,2
BRF:8
BRH:8
end_of_record
